2023-04-25 23:04:27 0 [Note] Starting MariaDB 10.11.2-MariaDB source revision cafba8761af55ae16cc69c9b53a341340a845b36 as process 28185
2023-04-25 23:04:27 0 [Note] InnoDB: Compressed tables use zlib 1.2.13
2023-04-25 23:04:27 0 [Note] InnoDB: Number of transaction pools: 1
2023-04-25 23:04:27 0 [Note] InnoDB: Using generic crc32 instructions
2023-04-25 23:04:27 0 [Note] InnoDB: Initializing buffer pool, total size = 128.000MiB, chunk size = 2.000MiB
2023-04-25 23:04:27 0 [Note] InnoDB: Completed initialization of buffer pool
2023-04-25 23:04:27 0 [Note] InnoDB: Buffered log writes (block size=512 bytes)
2023-04-25 23:04:28 0 [Note] InnoDB: Starting crash recovery from checkpoint LSN=46638
2023-04-25 23:04:28 0 [Note] InnoDB: Starting final batch to recover 24 pages from redo log.
2023-04-25 23:04:28 0 [Note] InnoDB: 128 rollback segments are active.
2023-04-25 23:04:28 0 [Note] InnoDB: Removed temporary tablespace data file: "./ibtmp1"
2023-04-25 23:04:28 0 [Note] InnoDB: Setting file './ibtmp1' size to 12.000MiB. Physically writing the file full; Please wait ...
2023-04-25 23:04:28 0 [Note] InnoDB: File './ibtmp1' size is now 12.000MiB.
2023-04-25 23:04:28 0 [Note] InnoDB: log sequence number 121707; transaction id 183
2023-04-25 23:04:28 0 [Note] Plugin 'FEEDBACK' is disabled.
2023-04-25 23:04:28 0 [Note] InnoDB: Loading buffer pool(s) from /data/data/com.termux/files/usr/var/lib/mysql/ib_buffer_pool
2023-04-25 23:04:28 0 [Note] InnoDB: Buffer pool(s) load completed at 230425 23:04:28
2023-04-25 23:04:28 0 [Note] Server socket created on IP: '::'.
2023-04-25 23:04:28 0 [Note] Server socket created on IP: '0.0.0.0'.
2023-04-25 23:04:28 0 [Note] mysqld: ready for connections.
Version: '10.11.2-MariaDB'  socket: '/data/data/com.termux/files/usr/var/run/mysqld.sock'  port: 3306  MariaDB Server
2023-04-25 23:04:40 3 [Warning] Access denied for user 'root'@'localhost' (using password: YES)
